Flutter crash report.
Please report a bug at https://github.com/flutter/flutter/issues.

## command

flutter run --machine --target lib/main.dart -d chrome --dart-define=flutter.inspector.structuredErrors=true --start-paused --web-server-debug-protocol ws --web-server-debug-backend-protocol ws --web-allow-expose-url --devtools-server-address http://127.0.0.1:9100/ --devtools-server-address http://127.0.0.1:9100/ --devtools-server-address http://127.0.0.1:9100/ --web-renderer=auto

## exception

RPCError: getIsolate: (-32603) getIsolate: Invalid argument (isolateId): Unrecognized isolate id. (Supported isolate: 1177): "589"
#0      ChromeProxyService._getIsolate (package:dwds/src/services/chrome_proxy_service.dart:531:5)
#1      ChromeProxyService.getIsolate (package:dwds/src/services/chrome_proxy_service.dart:538:12)
<asynchronous suspension>
#2      VmServerConnection._delegateRequest (package:vm_service/src/vm_service.dart:1366:22)
<asynchronous suspension>


```
#0      new _OutstandingRequest (package:vm_service/src/vm_service.dart:1626:45)
#1      VmService._call (package:vm_service/src/vm_service.dart:2107:21)
#2      VmService.getIsolate (package:vm_service/src/vm_service.dart:1863:7)
#3      FlutterVmService.getIsolateOrNull (package:flutter_tools/src/vmservice.dart:902:20)
#4      FlutterVmService.findExtensionIsolate (package:flutter_tools/src/vmservice.dart:868:50)
<asynchronous suspension>
#5      FlutterResidentDevtoolsHandler._waitForExtensionsForDevice (package:flutter_tools/src/resident_devtools_handler.dart:171:7)
<asynchronous suspension>
#6      Future.wait.<anonymous closure> (dart:async/future.dart)
<asynchronous suspension>
#7      FlutterResidentDevtoolsHandler._devicesWithExtensions (package:flutter_tools/src/resident_devtools_handler.dart:161:41)
<asynchronous suspension>
#8      FlutterResidentDevtoolsHandler.hotRestart (package:flutter_tools/src/resident_devtools_handler.dart:238:54)
<asynchronous suspension>
```

## flutter doctor

```
[✓] Flutter (Channel master, 2.4.0-5.0.pre.87, on Ubuntu 20.04.2 LTS 5.8.0-59-generic, locale en_IN)
    • Flutter version 2.4.0-5.0.pre.87 at /home/soham/snap/flutter/common/flutter
    • Upstream repository https://github.com/flutter/flutter.git
    • Framework revision e084e9d946 (2 days ago), 2021-07-17 12:00:21 -0700
    • Engine revision 14a9e9a50e
    • Dart version 2.14.0 (build 2.14.0-321.0.dev)

[!] Android toolchain - develop for Android devices (Android SDK version 30.0.3)
    ✗ cmdline-tools component is missing
      Run `path/to/sdkmanager --install "cmdline-tools;latest"`
      See https://developer.android.com/studio/command-line for more details.
    ✗ Android license status unknown.
      Run `flutter doctor --android-licenses` to accept the SDK licenses.
      See https://flutter.dev/docs/get-started/install/linux#android-setup for more details.

[✓] Chrome - develop for the web
    • Chrome at google-chrome

[✓] Android Studio (version 4.1)
    • Android Studio at /opt/android-studio-4.1/android-studio
    • Flutter plugin version 53.1.1
    • Dart plugin version 201.9317
    • Java version OpenJDK Runtime Environment (build 1.8.0_242-release-1644-b3-6222593)

[✓] Android Studio
    • Android Studio at /opt/android-studio
    • Flutter plugin can be installed from:
      🔨 https://plugins.jetbrains.com/plugin/9212-flutter
    • Dart plugin can be installed from:
      🔨 https://plugins.jetbrains.com/plugin/6351-dart
    • Java version OpenJDK Runtime Environment (build 1.8.0_242-release-1644-b3-6222593)

[✓] VS Code (version 1.53.0)
    • VS Code at /usr/share/code
    • Flutter extension version 3.20.0

[✓] Connected device (1 available)
    • Chrome (web) • chrome • web-javascript • Google Chrome 91.0.4472.164

! Doctor found issues in 1 category.
```
